<?xml version="1.0" encoding="UTF-8"?>
<!-- Generated by org.testng.reporters.JUnitReportReporter -->
<testsuite hostname="DESKTOP-44D0AM0" failures="0" tests="1" name="runners.MyTestNGRunner" time="4.451" errors="0" timestamp="2025-01-21T15:59:10 EST" skipped="0">
  <testcase classname="runners.MyTestNGRunner" name="runScenario" time="4.451"/>
</testsuite> <!-- runners.MyTestNGRunner -->
